<?xml version="1.0" encoding="UTF-8"?>
<!-- Generated by org.testng.reporters.JUnitReportReporter -->
<testsuite hostname="LAPTOP-GCEPLDKO" failures="0" tests="2" name="com.bangladesh.TestRunner.TestRunner_BD" time="74.633" errors="0" timestamp="2021-08-08T19:24:43 PDT" skipped="0">
  <testcase classname="com.bangladesh.TestRunner.TestRunner_BD" name="feature" time="41.560"/>
  <system-out/>
  <testcase classname="com.bangladesh.TestRunner.TestRunner_BD" name="feature" time="33.073"/>
  <system-out/>
</testsuite> <!-- com.bangladesh.TestRunner.TestRunner_BD -->
